[debug] [2024-10-13T00:38:23.914Z] ----------------------------------------------------------------------
[debug] [2024-10-13T00:38:23.917Z] Command:       /home/su/.nvm/versions/node/v20.12.2/bin/node /home/su/.nvm/versions/node/v20.12.2/bin/firebase deploy --only functions
[debug] [2024-10-13T00:38:23.918Z] CLI Version:   13.15.4
[debug] [2024-10-13T00:38:23.918Z] Platform:      linux
[debug] [2024-10-13T00:38:23.918Z] Node Version:  v20.12.2
[debug] [2024-10-13T00:38:23.919Z] Time:          Sun Oct 13 2024 03:38:23 GMT+0300 (Moscow Standard Time)
[debug] [2024-10-13T00:38:23.919Z] ----------------------------------------------------------------------
[debug] 
[debug] [2024-10-13T00:38:23.983Z] > command requires scopes: ["email","openid","https://www.googleapis.com/auth/cloudplatformprojects.readonly","https://www.googleapis.com/auth/firebase","https://www.googleapis.com/auth/cloud-platform"]
[debug] [2024-10-13T00:38:23.984Z] > authorizing via signed-in user (wdgannexplained@gmail.com)
[debug] [2024-10-13T00:38:23.984Z] [iam] checking project qualtircomapi for permissions ["cloudfunctions.functions.create","cloudfunctions.functions.delete","cloudfunctions.functions.get","cloudfunctions.functions.list","cloudfunctions.functions.update","cloudfunctions.operations.get","firebase.projects.get"]
[debug] [2024-10-13T00:38:23.985Z] > refreshing access token with scopes: []
[debug] [2024-10-13T00:38:23.987Z] >>> [apiv2][query] POST https://www.googleapis.com/oauth2/v3/token [none]
[debug] [2024-10-13T00:38:23.987Z] >>> [apiv2][body] POST https://www.googleapis.com/oauth2/v3/token [omitted]
[debug] [2024-10-13T00:38:24.155Z] <<< [apiv2][status] POST https://www.googleapis.com/oauth2/v3/token 200
[debug] [2024-10-13T00:38:24.156Z] <<< [apiv2][body] POST https://www.googleapis.com/oauth2/v3/token [omitted]
[debug] [2024-10-13T00:38:24.243Z] >>> [apiv2][query] POST https://cloudresourcemanager.googleapis.com/v1/projects/qualtircomapi:testIamPermissions [none]
[debug] [2024-10-13T00:38:24.244Z] >>> [apiv2][(partial)header] POST https://cloudresourcemanager.googleapis.com/v1/projects/qualtircomapi:testIamPermissions x-goog-quota-user=projects/qualtircomapi
[debug] [2024-10-13T00:38:24.245Z] >>> [apiv2][body] POST https://cloudresourcemanager.googleapis.com/v1/projects/qualtircomapi:testIamPermissions {"permissions":["cloudfunctions.functions.create","cloudfunctions.functions.delete","cloudfunctions.functions.get","cloudfunctions.functions.list","cloudfunctions.functions.update","cloudfunctions.operations.get","firebase.projects.get"]}
[debug] [2024-10-13T00:38:25.073Z] <<< [apiv2][status] POST https://cloudresourcemanager.googleapis.com/v1/projects/qualtircomapi:testIamPermissions 200
[debug] [2024-10-13T00:38:25.074Z] <<< [apiv2][body] POST https://cloudresourcemanager.googleapis.com/v1/projects/qualtircomapi:testIamPermissions {"permissions":["cloudfunctions.functions.create","cloudfunctions.functions.delete","cloudfunctions.functions.get","cloudfunctions.functions.list","cloudfunctions.functions.update","cloudfunctions.operations.get","firebase.projects.get"]}
[debug] [2024-10-13T00:38:25.076Z] >>> [apiv2][query] POST https://iam.googleapis.com/v1/projects/qualtircomapi/serviceAccounts/qualtircomapi@appspot.gserviceaccount.com:testIamPermissions [none]
[debug] [2024-10-13T00:38:25.076Z] >>> [apiv2][body] POST https://iam.googleapis.com/v1/projects/qualtircomapi/serviceAccounts/qualtircomapi@appspot.gserviceaccount.com:testIamPermissions {"permissions":["iam.serviceAccounts.actAs"]}
[debug] [2024-10-13T00:38:25.939Z] <<< [apiv2][status] POST https://iam.googleapis.com/v1/projects/qualtircomapi/serviceAccounts/qualtircomapi@appspot.gserviceaccount.com:testIamPermissions 200
[debug] [2024-10-13T00:38:25.939Z] <<< [apiv2][body] POST https://iam.googleapis.com/v1/projects/qualtircomapi/serviceAccounts/qualtircomapi@appspot.gserviceaccount.com:testIamPermissions {"permissions":["iam.serviceAccounts.actAs"]}
[info] 
[info] === Deploying to 'qualtircomapi'...
[info] 
[info] i  deploying functions 
[info] Running command: npm --prefix "$RESOURCE_DIR" run lint
[info] Running command: npm --prefix "$RESOURCE_DIR" run build
[info] ✔  functions: Finished running predeploy script. 
[debug] [2024-10-13T00:38:38.501Z] >>> [apiv2][query] GET https://firebase.googleapis.com/v1beta1/projects/qualtircomapi [none]
[debug] [2024-10-13T00:38:38.826Z] <<< [apiv2][status] GET https://firebase.googleapis.com/v1beta1/projects/qualtircomapi 200
[debug] [2024-10-13T00:38:38.827Z] <<< [apiv2][body] GET https://firebase.googleapis.com/v1beta1/projects/qualtircomapi {"projectId":"qualtircomapi","projectNumber":"440288178253","displayName":"qualtircomapi","name":"projects/qualtircomapi","resources":{"hostingSite":"qualtircomapi"},"state":"ACTIVE","etag":"1_7e56bf52-8dcb-4b82-ac16-14095bc69ba6"}
[info] i  functions: preparing codebase default for deployment 
[info] i  functions: ensuring required API cloudfunctions.googleapis.com is enabled... 
[info] i  functions: ensuring required API cloudbuild.googleapis.com is enabled... 
[info] i  artifactregistry: ensuring required API artifactregistry.googleapis.com is enabled... 
[debug] [2024-10-13T00:38:38.831Z] >>> [apiv2][query] GET https://serviceusage.googleapis.com/v1/projects/qualtircomapi/services/cloudfunctions.googleapis.com [none]
[debug] [2024-10-13T00:38:38.831Z] >>> [apiv2][(partial)header] GET https://serviceusage.googleapis.com/v1/projects/qualtircomapi/services/cloudfunctions.googleapis.com x-goog-quota-user=projects/qualtircomapi
[debug] [2024-10-13T00:38:38.832Z] >>> [apiv2][query] GET https://serviceusage.googleapis.com/v1/projects/qualtircomapi/services/runtimeconfig.googleapis.com [none]
[debug] [2024-10-13T00:38:38.833Z] >>> [apiv2][(partial)header] GET https://serviceusage.googleapis.com/v1/projects/qualtircomapi/services/runtimeconfig.googleapis.com x-goog-quota-user=projects/qualtircomapi
[debug] [2024-10-13T00:38:38.835Z] >>> [apiv2][query] GET https://serviceusage.googleapis.com/v1/projects/qualtircomapi/services/cloudbuild.googleapis.com [none]
[debug] [2024-10-13T00:38:38.835Z] >>> [apiv2][(partial)header] GET https://serviceusage.googleapis.com/v1/projects/qualtircomapi/services/cloudbuild.googleapis.com x-goog-quota-user=projects/qualtircomapi
[debug] [2024-10-13T00:38:38.836Z] >>> [apiv2][query] GET https://serviceusage.googleapis.com/v1/projects/qualtircomapi/services/artifactregistry.googleapis.com [none]
[debug] [2024-10-13T00:38:38.837Z] >>> [apiv2][(partial)header] GET https://serviceusage.googleapis.com/v1/projects/qualtircomapi/services/artifactregistry.googleapis.com x-goog-quota-user=projects/qualtircomapi
[debug] [2024-10-13T00:38:40.026Z] <<< [apiv2][status] GET https://serviceusage.googleapis.com/v1/projects/qualtircomapi/services/runtimeconfig.googleapis.com 200
[debug] [2024-10-13T00:38:40.026Z] <<< [apiv2][body] GET https://serviceusage.googleapis.com/v1/projects/qualtircomapi/services/runtimeconfig.googleapis.com [omitted]
[debug] [2024-10-13T00:38:40.029Z] <<< [apiv2][status] GET https://serviceusage.googleapis.com/v1/projects/qualtircomapi/services/cloudfunctions.googleapis.com 200
[debug] [2024-10-13T00:38:40.029Z] <<< [apiv2][body] GET https://serviceusage.googleapis.com/v1/projects/qualtircomapi/services/cloudfunctions.googleapis.com [omitted]
[info] ✔  functions: required API cloudfunctions.googleapis.com is enabled 
[debug] [2024-10-13T00:38:40.033Z] <<< [apiv2][status] GET https://serviceusage.googleapis.com/v1/projects/qualtircomapi/services/artifactregistry.googleapis.com 200
[debug] [2024-10-13T00:38:40.033Z] <<< [apiv2][body] GET https://serviceusage.googleapis.com/v1/projects/qualtircomapi/services/artifactregistry.googleapis.com [omitted]
[info] ✔  artifactregistry: required API artifactregistry.googleapis.com is enabled 
[debug] [2024-10-13T00:38:40.060Z] <<< [apiv2][status] GET https://serviceusage.googleapis.com/v1/projects/qualtircomapi/services/cloudbuild.googleapis.com 200
[debug] [2024-10-13T00:38:40.061Z] <<< [apiv2][body] GET https://serviceusage.googleapis.com/v1/projects/qualtircomapi/services/cloudbuild.googleapis.com [omitted]
[info] ✔  functions: required API cloudbuild.googleapis.com is enabled 
[debug] [2024-10-13T00:38:40.061Z] >>> [apiv2][query] GET https://firebase.googleapis.com/v1beta1/projects/qualtircomapi/adminSdkConfig [none]
[debug] [2024-10-13T00:38:40.342Z] <<< [apiv2][status] GET https://firebase.googleapis.com/v1beta1/projects/qualtircomapi/adminSdkConfig 200
[debug] [2024-10-13T00:38:40.343Z] <<< [apiv2][body] GET https://firebase.googleapis.com/v1beta1/projects/qualtircomapi/adminSdkConfig {"projectId":"qualtircomapi","storageBucket":"qualtircomapi.appspot.com"}
[debug] [2024-10-13T00:38:40.346Z] >>> [apiv2][query] GET https://runtimeconfig.googleapis.com/v1beta1/projects/qualtircomapi/configs [none]
[debug] [2024-10-13T00:38:40.711Z] <<< [apiv2][status] GET https://runtimeconfig.googleapis.com/v1beta1/projects/qualtircomapi/configs 200
[debug] [2024-10-13T00:38:40.712Z] <<< [apiv2][body] GET https://runtimeconfig.googleapis.com/v1beta1/projects/qualtircomapi/configs {}
[debug] [2024-10-13T00:38:40.720Z] Validating nodejs source
[warn] ⚠  functions: package.json indicates an outdated version of firebase-functions. Please upgrade using npm install --save firebase-functions@latest in your functions directory. 
[warn] ⚠  functions: Please note that there will be breaking changes when you upgrade. 
[debug] [2024-10-13T00:38:41.456Z] > [functions] package.json contents: {
  "name": "functions",
  "scripts": {
    "lint": "eslint --ext .js,.ts .",
    "build": "tsc",
    "build:watch": "tsc --watch",
    "serve": "npm run build && firebase emulators:start --only functions",
    "shell": "npm run build && firebase functions:shell",
    "start": "npm run shell",
    "try": "ts-node src/try.ts",
    "dev": "ts-node-dev src/app.ts",
    "deploy": "firebase deploy --only functions",
    "logs": "firebase functions:log"
  },
  "engines": {
    "node": "18"
  },
  "main": "lib/index.js",
  "dependencies": {
    "axios": "^1.7.7",
    "cors": "^2.8.5",
    "firebase-admin": "^12.1.0",
    "firebase-functions": "^5.0.0",
    "formidable": "^3.5.1",
    "multer": "^1.4.5-lts.1",
    "pdf.js-extract": "^0.2.1"
  },
  "devDependencies": {
    "@types/formidable": "^3.4.5",
    "@typescript-eslint/eslint-plugin": "^5.12.0",
    "@typescript-eslint/parser": "^5.12.0",
    "eslint": "^8.9.0",
    "eslint-config-google": "^0.14.0",
    "eslint-plugin-import": "^2.25.4",
    "firebase-functions-test": "^3.1.0",
    "ts-node": "^10.9.2",
    "ts-node-dev": "^2.0.0",
    "typescript": "^4.9.0"
  },
  "private": true
}
[debug] [2024-10-13T00:38:41.456Z] Building nodejs source
[info] i  functions: Loading and analyzing source code for codebase default to determine what to deploy 
[debug] [2024-10-13T00:38:41.457Z] Could not find functions.yaml. Must use http discovery
[debug] [2024-10-13T00:38:41.461Z] Found firebase-functions binary at '/home/su/projects/interviews/qualtircom/qualtircomapi/functions/node_modules/.bin/firebase-functions'
[info] Serving at port 8588

[debug] [2024-10-13T00:38:41.812Z] Got response from /__/functions.yaml {"endpoints":{"app":{"availableMemoryMb":null,"timeoutSeconds":null,"minInstances":null,"maxInstances":null,"ingressSettings":null,"concurrency":null,"serviceAccountEmail":null,"vpc":null,"platform":"gcfv2","labels":{},"httpsTrigger":{},"entryPoint":"app"}},"specVersion":"v1alpha1","requiredAPIs":[],"extensions":{}}
[debug] [2024-10-13T00:38:46.859Z] >>> [apiv2][query] GET https://serviceusage.googleapis.com/v1/projects/qualtircomapi/services/firebaseextensions.googleapis.com [none]
[debug] [2024-10-13T00:38:46.860Z] >>> [apiv2][(partial)header] GET https://serviceusage.googleapis.com/v1/projects/qualtircomapi/services/firebaseextensions.googleapis.com x-goog-quota-user=projects/qualtircomapi
[debug] [2024-10-13T00:38:47.799Z] <<< [apiv2][status] GET https://serviceusage.googleapis.com/v1/projects/qualtircomapi/services/firebaseextensions.googleapis.com 200
[debug] [2024-10-13T00:38:47.800Z] <<< [apiv2][body] GET https://serviceusage.googleapis.com/v1/projects/qualtircomapi/services/firebaseextensions.googleapis.com [omitted]
[info] i  functions: Loaded environment variables from .env. 
[info] i  functions: preparing functions directory for uploading... 
[info] i  functions: packaged /home/su/projects/interviews/qualtircom/qualtircomapi/functions (235.28 KB) for uploading 
[debug] [2024-10-13T00:38:47.973Z] >>> [apiv2][query] GET https://cloudfunctions.googleapis.com/v1/projects/qualtircomapi/locations/-/functions [none]
[debug] [2024-10-13T00:38:48.725Z] <<< [apiv2][status] GET https://cloudfunctions.googleapis.com/v1/projects/qualtircomapi/locations/-/functions 200
[debug] [2024-10-13T00:38:48.725Z] <<< [apiv2][body] GET https://cloudfunctions.googleapis.com/v1/projects/qualtircomapi/locations/-/functions {}
[debug] [2024-10-13T00:38:48.729Z] >>> [apiv2][query] GET https://cloudfunctions.googleapis.com/v2/projects/qualtircomapi/locations/-/functions filter=environment%3D%22GEN_2%22
[debug] [2024-10-13T00:38:49.833Z] <<< [apiv2][status] GET https://cloudfunctions.googleapis.com/v2/projects/qualtircomapi/locations/-/functions 200
[debug] [2024-10-13T00:38:49.835Z] <<< [apiv2][body] GET https://cloudfunctions.googleapis.com/v2/projects/qualtircomapi/locations/-/functions {"functions":[{"name":"projects/qualtircomapi/locations/us-central1/functions/app","buildConfig":{"build":"projects/440288178253/locations/us-central1/builds/b282a6d7-b45c-4253-85fa-993b028305e4","runtime":"nodejs18","entryPoint":"app","source":{"storageSource":{"bucket":"gcf-v2-sources-440288178253-us-central1","object":"app/function-source.zip","generation":"1728773242007941"}},"environmentVariables":{"GOOGLE_NODE_RUN_SCRIPTS":""},"dockerRepository":"projects/qualtircomapi/locations/us-central1/repositories/gcf-artifacts","sourceProvenance":{"resolvedStorageSource":{"bucket":"gcf-v2-sources-440288178253-us-central1","object":"app/function-source.zip","generation":"1728773242007941"}},"dockerRegistry":"ARTIFACT_REGISTRY","serviceAccount":"projects/qualtircomapi/serviceAccounts/440288178253-compute@developer.gserviceaccount.com","automaticUpdatePolicy":{}},"serviceConfig":{"service":"projects/qualtircomapi/locations/us-central1/services/app","timeoutSeconds":60,"environmentVariables":{"OPENAPI_KEY":"sk-svcacct-8cbgc2dwc89cjMBVP3mdVoov7_g5xdSpHkzGt0-roV7AkQQ9ixjZNY1LgZCFpT3BlbkFJ_z5uvcskKR9bP8OzQuZLHdrEkkQDesgpwPJ5VLNpswEqyQer720E_jzqk45AA","FIREBASE_CONFIG":"{\"projectId\":\"qualtircomapi\",\"storageBucket\":\"qualtircomapi.appspot.com\"}","GCLOUD_PROJECT":"qualtircomapi","EVENTARC_CLOUD_EVENT_SOURCE":"projects/qualtircomapi/locations/us-central1/services/app","FUNCTION_TARGET":"app","LOG_EXECUTION_ID":"true"},"maxInstanceCount":3,"ingressSettings":"ALLOW_ALL","uri":"https://app-o6cilvuuja-uc.a.run.app","serviceAccountEmail":"440288178253-compute@developer.gserviceaccount.com","availableMemory":"256Mi","allTrafficOnLatestRevision":true,"revision":"app-00003-cek","maxInstanceRequestConcurrency":80,"availableCpu":"1"},"state":"ACTIVE","updateTime":"2024-10-12T22:48:04.037142421Z","labels":{"deployment-tool":"cli-firebase","firebase-functions-hash":"2b80be0cfc759aed07888c0142ceb2cce0b31f7e"},"environment":"GEN_2","url":"https://us-central1-qualtircomapi.cloudfunctions.net/app","createTime":"2024-10-12T21:36:19.635875973Z"}]}
[info] i  functions: ensuring required API run.googleapis.com is enabled... 
[info] i  functions: ensuring required API eventarc.googleapis.com is enabled... 
[info] i  functions: ensuring required API pubsub.googleapis.com is enabled... 
[info] i  functions: ensuring required API storage.googleapis.com is enabled... 
[debug] [2024-10-13T00:38:49.850Z] >>> [apiv2][query] GET https://serviceusage.googleapis.com/v1/projects/qualtircomapi/services/run.googleapis.com [none]
[debug] [2024-10-13T00:38:49.851Z] >>> [apiv2][(partial)header] GET https://serviceusage.googleapis.com/v1/projects/qualtircomapi/services/run.googleapis.com x-goog-quota-user=projects/qualtircomapi
[debug] [2024-10-13T00:38:49.852Z] >>> [apiv2][query] GET https://serviceusage.googleapis.com/v1/projects/qualtircomapi/services/eventarc.googleapis.com [none]
[debug] [2024-10-13T00:38:49.853Z] >>> [apiv2][(partial)header] GET https://serviceusage.googleapis.com/v1/projects/qualtircomapi/services/eventarc.googleapis.com x-goog-quota-user=projects/qualtircomapi
[debug] [2024-10-13T00:38:49.862Z] >>> [apiv2][query] GET https://serviceusage.googleapis.com/v1/projects/qualtircomapi/services/pubsub.googleapis.com [none]
[debug] [2024-10-13T00:38:49.863Z] >>> [apiv2][(partial)header] GET https://serviceusage.googleapis.com/v1/projects/qualtircomapi/services/pubsub.googleapis.com x-goog-quota-user=projects/qualtircomapi
[debug] [2024-10-13T00:38:49.874Z] >>> [apiv2][query] GET https://serviceusage.googleapis.com/v1/projects/qualtircomapi/services/storage.googleapis.com [none]
[debug] [2024-10-13T00:38:49.874Z] >>> [apiv2][(partial)header] GET https://serviceusage.googleapis.com/v1/projects/qualtircomapi/services/storage.googleapis.com x-goog-quota-user=projects/qualtircomapi
[debug] [2024-10-13T00:38:50.833Z] <<< [apiv2][status] GET https://serviceusage.googleapis.com/v1/projects/qualtircomapi/services/run.googleapis.com 200
[debug] [2024-10-13T00:38:50.833Z] <<< [apiv2][body] GET https://serviceusage.googleapis.com/v1/projects/qualtircomapi/services/run.googleapis.com [omitted]
[info] ✔  functions: required API run.googleapis.com is enabled 
[debug] [2024-10-13T00:38:50.835Z] <<< [apiv2][status] GET https://serviceusage.googleapis.com/v1/projects/qualtircomapi/services/eventarc.googleapis.com 200
[debug] [2024-10-13T00:38:50.835Z] <<< [apiv2][body] GET https://serviceusage.googleapis.com/v1/projects/qualtircomapi/services/eventarc.googleapis.com [omitted]
[info] ✔  functions: required API eventarc.googleapis.com is enabled 
[debug] [2024-10-13T00:38:50.837Z] <<< [apiv2][status] GET https://serviceusage.googleapis.com/v1/projects/qualtircomapi/services/pubsub.googleapis.com 200
[debug] [2024-10-13T00:38:50.837Z] <<< [apiv2][body] GET https://serviceusage.googleapis.com/v1/projects/qualtircomapi/services/pubsub.googleapis.com [omitted]
[info] ✔  functions: required API pubsub.googleapis.com is enabled 
[debug] [2024-10-13T00:38:50.839Z] <<< [apiv2][status] GET https://serviceusage.googleapis.com/v1/projects/qualtircomapi/services/storage.googleapis.com 200
[debug] [2024-10-13T00:38:50.839Z] <<< [apiv2][body] GET https://serviceusage.googleapis.com/v1/projects/qualtircomapi/services/storage.googleapis.com [omitted]
[info] ✔  functions: required API storage.googleapis.com is enabled 
[info] i  functions: generating the service identity for pubsub.googleapis.com... 
[info] i  functions: generating the service identity for eventarc.googleapis.com... 
[debug] [2024-10-13T00:38:50.840Z] >>> [apiv2][query] POST https://serviceusage.googleapis.com/v1beta1/projects/440288178253/services/pubsub.googleapis.com:generateServiceIdentity [none]
[debug] [2024-10-13T00:38:50.841Z] >>> [apiv2][query] POST https://serviceusage.googleapis.com/v1beta1/projects/440288178253/services/eventarc.googleapis.com:generateServiceIdentity [none]
[debug] [2024-10-13T00:38:51.282Z] <<< [apiv2][status] POST https://serviceusage.googleapis.com/v1beta1/projects/440288178253/services/pubsub.googleapis.com:generateServiceIdentity 200
[debug] [2024-10-13T00:38:51.283Z] <<< [apiv2][body] POST https://serviceusage.googleapis.com/v1beta1/projects/440288178253/services/pubsub.googleapis.com:generateServiceIdentity {"name":"operations/finished.DONE_OPERATION","done":true,"response":{"@type":"type.googleapis.com/google.api.serviceusage.v1beta1.ServiceIdentity","email":"service-440288178253@gcp-sa-pubsub.iam.gserviceaccount.com","uniqueId":"111019375592340424887"}}
[debug] [2024-10-13T00:38:51.739Z] <<< [apiv2][status] POST https://serviceusage.googleapis.com/v1beta1/projects/440288178253/services/eventarc.googleapis.com:generateServiceIdentity 200
[debug] [2024-10-13T00:38:51.739Z] <<< [apiv2][body] POST https://serviceusage.googleapis.com/v1beta1/projects/440288178253/services/eventarc.googleapis.com:generateServiceIdentity {"name":"operations/finished.DONE_OPERATION","done":true,"response":{"@type":"type.googleapis.com/google.api.serviceusage.v1beta1.ServiceIdentity","email":"service-440288178253@gcp-sa-eventarc.iam.gserviceaccount.com","uniqueId":"109727190165802630061"}}
[debug] [2024-10-13T00:38:51.743Z] >>> [apiv2][query] GET https://firebase.googleapis.com/v1beta1/projects/qualtircomapi [none]
[debug] [2024-10-13T00:38:52.121Z] <<< [apiv2][status] GET https://firebase.googleapis.com/v1beta1/projects/qualtircomapi 200
[debug] [2024-10-13T00:38:52.121Z] <<< [apiv2][body] GET https://firebase.googleapis.com/v1beta1/projects/qualtircomapi {"projectId":"qualtircomapi","projectNumber":"440288178253","displayName":"qualtircomapi","name":"projects/qualtircomapi","resources":{"hostingSite":"qualtircomapi"},"state":"ACTIVE","etag":"1_7e56bf52-8dcb-4b82-ac16-14095bc69ba6"}
[debug] [2024-10-13T00:38:52.124Z] >>> [apiv2][query] GET https://cloudbilling.googleapis.com/v1/projects/qualtircomapi/billingInfo [none]
[debug] [2024-10-13T00:38:53.145Z] <<< [apiv2][status] GET https://cloudbilling.googleapis.com/v1/projects/qualtircomapi/billingInfo 200
[debug] [2024-10-13T00:38:53.145Z] <<< [apiv2][body] GET https://cloudbilling.googleapis.com/v1/projects/qualtircomapi/billingInfo {"name":"projects/qualtircomapi/billingInfo","projectId":"qualtircomapi","billingAccountName":"billingAccounts/01D360-6B7673-709CD3","billingEnabled":true}
[debug] [2024-10-13T00:38:53.154Z] >>> [apiv2][query] POST https://cloudfunctions.googleapis.com/v2/projects/qualtircomapi/locations/us-central1/functions:generateUploadUrl [none]
[debug] [2024-10-13T00:38:54.046Z] <<< [apiv2][status] POST https://cloudfunctions.googleapis.com/v2/projects/qualtircomapi/locations/us-central1/functions:generateUploadUrl 200
[debug] [2024-10-13T00:38:54.047Z] <<< [apiv2][body] POST https://cloudfunctions.googleapis.com/v2/projects/qualtircomapi/locations/us-central1/functions:generateUploadUrl {"uploadUrl":"https://storage.googleapis.com/gcf-v2-uploads-440288178253-us-central1/7c865e7e-d44b-47a3-9f8d-2727ffd9a143.zip?GoogleAccessId=service-440288178253@gcf-admin-robot.iam.gserviceaccount.com&Expires=1728781733&Signature=mfkFEspu51y%2B8CUE9qv%2B09YkqbHz8uKLTBvCwYZwm3HUwBRrGVpyv%2B7kz2%2FMhJqL2Urcbjc8TVAlqpAT1Wq5Ddsxh0V3USm5AZ9ArodXK1jxz9L9XV7CktS1ELvfCdLzOU5Ts6pieyHUDZHrHMROb4a5jUPJwd9ndp6mFTvbPc6FkjhpIke473fiUYRa5ZFge2dU9QikNDSJiSJO1tEZpM7wQCiDZcFjILXS10p32iEkq1WOTexWADRFtvlx7N8Ig1z9hXvLl3dmRdJC2tnVXLBGk1Nu8TJcCzNO%2BKEJcvwnCZP854x%2Bec6%2B8e1IZl23V%2FsbCw%2FTL%2FGoeFlX%2FvqXBw%3D%3D","storageSource":{"bucket":"gcf-v2-uploads-440288178253-us-central1","object":"7c865e7e-d44b-47a3-9f8d-2727ffd9a143.zip"}}
[debug] [2024-10-13T00:38:54.052Z] >>> [apiv2][query] PUT https://storage.googleapis.com/gcf-v2-uploads-440288178253-us-central1/7c865e7e-d44b-47a3-9f8d-2727ffd9a143.zip GoogleAccessId=service-440288178253%40gcf-admin-robot.iam.gserviceaccount.com&Expires=1728781733&Signature=mfkFEspu51y%2B8CUE9qv%2B09YkqbHz8uKLTBvCwYZwm3HUwBRrGVpyv%2B7kz2%2FMhJqL2Urcbjc8TVAlqpAT1Wq5Ddsxh0V3USm5AZ9ArodXK1jxz9L9XV7CktS1ELvfCdLzOU5Ts6pieyHUDZHrHMROb4a5jUPJwd9ndp6mFTvbPc6FkjhpIke473fiUYRa5ZFge2dU9QikNDSJiSJO1tEZpM7wQCiDZcFjILXS10p32iEkq1WOTexWADRFtvlx7N8Ig1z9hXvLl3dmRdJC2tnVXLBGk1Nu8TJcCzNO%2BKEJcvwnCZP854x%2Bec6%2B8e1IZl23V%2FsbCw%2FTL%2FGoeFlX%2FvqXBw%3D%3D
[debug] [2024-10-13T00:38:54.053Z] >>> [apiv2][body] PUT https://storage.googleapis.com/gcf-v2-uploads-440288178253-us-central1/7c865e7e-d44b-47a3-9f8d-2727ffd9a143.zip [stream]
[debug] [2024-10-13T00:38:55.572Z] <<< [apiv2][status] PUT https://storage.googleapis.com/gcf-v2-uploads-440288178253-us-central1/7c865e7e-d44b-47a3-9f8d-2727ffd9a143.zip 200
[debug] [2024-10-13T00:38:55.572Z] <<< [apiv2][body] PUT https://storage.googleapis.com/gcf-v2-uploads-440288178253-us-central1/7c865e7e-d44b-47a3-9f8d-2727ffd9a143.zip [omitted]
[info] ✔  functions: functions folder uploaded successfully 
[info] i  functions: updating Node.js 18 (2nd Gen) function app(us-central1)... 
[debug] [2024-10-13T00:38:55.591Z] >>> [apiv2][query] PATCH https://cloudfunctions.googleapis.com/v2/projects/qualtircomapi/locations/us-central1/functions/app updateMask=name%2CbuildConfig.runtime%2CbuildConfig.entryPoint%2CbuildConfig.source.storageSource.bucket%2CbuildConfig.source.storageSource.object%2CbuildConfig.environmentVariables%2CbuildConfig.sourceToken%2CserviceConfig.environmentVariables%2CserviceConfig.ingressSettings%2CserviceConfig.timeoutSeconds%2CserviceConfig.serviceAccountEmail%2CserviceConfig.availableMemory%2CserviceConfig.minInstanceCount%2CserviceConfig.maxInstanceCount%2CserviceConfig.maxInstanceRequestConcurrency%2CserviceConfig.availableCpu%2CserviceConfig.vpcConnector%2CserviceConfig.vpcConnectorEgressSettings%2Clabels%2CbuildConfig.buildEnvironmentVariables
[debug] [2024-10-13T00:38:55.592Z] >>> [apiv2][body] PATCH https://cloudfunctions.googleapis.com/v2/projects/qualtircomapi/locations/us-central1/functions/app {"name":"projects/qualtircomapi/locations/us-central1/functions/app","buildConfig":{"runtime":"nodejs18","entryPoint":"app","source":{"storageSource":{"bucket":"gcf-v2-uploads-440288178253-us-central1","object":"7c865e7e-d44b-47a3-9f8d-2727ffd9a143.zip"}},"environmentVariables":{"GOOGLE_NODE_RUN_SCRIPTS":""}},"serviceConfig":{"environmentVariables":{"OPENAPI_KEY":"sk-svcacct-8cbgc2dwc89cjMBVP3mdVoov7_g5xdSpHkzGt0-roV7AkQQ9ixjZNY1LgZCFpT3BlbkFJ_z5uvcskKR9bP8OzQuZLHdrEkkQDesgpwPJ5VLNpswEqyQer720E_jzqk45AA","FIREBASE_CONFIG":"{\"projectId\":\"qualtircomapi\",\"storageBucket\":\"qualtircomapi.appspot.com\"}","GCLOUD_PROJECT":"qualtircomapi","EVENTARC_CLOUD_EVENT_SOURCE":"projects/qualtircomapi/locations/us-central1/services/app","FUNCTION_TARGET":"app"},"ingressSettings":null,"timeoutSeconds":null,"serviceAccountEmail":null,"availableMemory":"256Mi","minInstanceCount":null,"maxInstanceCount":null,"maxInstanceRequestConcurrency":80,"availableCpu":"1","vpcConnector":null,"vpcConnectorEgressSettings":null},"labels":{"deployment-tool":"cli-firebase","firebase-functions-hash":"6cf73c28b4c73923a49a274b718a19bdbc3744c9"}}
[debug] [2024-10-13T00:38:57.132Z] <<< [apiv2][status] PATCH https://cloudfunctions.googleapis.com/v2/projects/qualtircomapi/locations/us-central1/functions/app 200
[debug] [2024-10-13T00:38:57.133Z] <<< [apiv2][body] PATCH https://cloudfunctions.googleapis.com/v2/projects/qualtircomapi/locations/us-central1/functions/app {"name":"projects/qualtircomapi/locations/us-central1/operations/operation-1728779936343-62450f20024b5-e9b91f7c-6727dba8","metadata":{"@type":"type.googleapis.com/google.cloud.functions.v2.OperationMetadata","createTime":"2024-10-13T00:38:57.038291407Z","target":"projects/qualtircomapi/locations/us-central1/functions/app","verb":"update","cancelRequested":false,"apiVersion":"v2"},"done":false}
[debug] [2024-10-13T00:38:57.137Z] >>> [apiv2][query] GET https://cloudfunctions.googleapis.com/v2/projects/qualtircomapi/locations/us-central1/operations/operation-1728779936343-62450f20024b5-e9b91f7c-6727dba8 [none]
[debug] [2024-10-13T00:38:57.985Z] <<< [apiv2][status] GET https://cloudfunctions.googleapis.com/v2/projects/qualtircomapi/locations/us-central1/operations/operation-1728779936343-62450f20024b5-e9b91f7c-6727dba8 200
[debug] [2024-10-13T00:38:57.986Z] <<< [apiv2][body] GET https://cloudfunctions.googleapis.com/v2/projects/qualtircomapi/locations/us-central1/operations/operation-1728779936343-62450f20024b5-e9b91f7c-6727dba8 {"name":"projects/qualtircomapi/locations/us-central1/operations/operation-1728779936343-62450f20024b5-e9b91f7c-6727dba8","metadata":{"@type":"type.googleapis.com/google.cloud.functions.v2.OperationMetadata","createTime":"2024-10-13T00:38:57.038291407Z","target":"projects/qualtircomapi/locations/us-central1/functions/app","verb":"update","cancelRequested":false,"apiVersion":"v2","requestResource":{"@type":"type.googleapis.com/google.cloud.functions.v2.Function","name":"projects/qualtircomapi/locations/us-central1/functions/app","buildConfig":{"runtime":"nodejs18","entryPoint":"app","source":{"storageSource":{"bucket":"gcf-v2-sources-440288178253-us-central1","object":"app/function-source.zip","generation":"1728779936984776"}},"environmentVariables":{"GOOGLE_NODE_RUN_SCRIPTS":""},"dockerRepository":"projects/qualtircomapi/locations/us-central1/repositories/gcf-artifacts","sourceProvenance":{"resolvedStorageSource":{"bucket":"gcf-v2-sources-440288178253-us-central1","object":"app/function-source.zip","generation":"1728773242007941"}},"dockerRegistry":"ARTIFACT_REGISTRY","serviceAccount":"projects/qualtircomapi/serviceAccounts/440288178253-compute@developer.gserviceaccount.com","automaticUpdatePolicy":{}},"serviceConfig":{"service":"projects/qualtircomapi/locations/us-central1/services/app","timeoutSeconds":60,"environmentVariables":{"OPENAPI_KEY":"sk-svcacct-8cbgc2dwc89cjMBVP3mdVoov7_g5xdSpHkzGt0-roV7AkQQ9ixjZNY1LgZCFpT3BlbkFJ_z5uvcskKR9bP8OzQuZLHdrEkkQDesgpwPJ5VLNpswEqyQer720E_jzqk45AA","FIREBASE_CONFIG":"{\"projectId\":\"qualtircomapi\",\"storageBucket\":\"qualtircomapi.appspot.com\"}","GCLOUD_PROJECT":"qualtircomapi","EVENTARC_CLOUD_EVENT_SOURCE":"projects/qualtircomapi/locations/us-central1/services/app","FUNCTION_TARGET":"app","LOG_EXECUTION_ID":"true"},"ingressSettings":"ALLOW_ALL","uri":"https://app-o6cilvuuja-uc.a.run.app","serviceAccountEmail":"440288178253-compute@developer.gserviceaccount.com","availableMemory":"256Mi","allTrafficOnLatestRevision":true,"revision":"app-00003-cek","maxInstanceRequestConcurrency":80,"availableCpu":"1"},"state":"ACTIVE","labels":{"deployment-tool":"cli-firebase","firebase-functions-hash":"6cf73c28b4c73923a49a274b718a19bdbc3744c9"},"environment":"GEN_2","url":"https://us-central1-qualtircomapi.cloudfunctions.net/app"},"stages":[{"name":"BUILD","message":"Build in progress","state":"IN_PROGRESS","resource":"projects/440288178253/locations/us-central1/builds/2216a191-489a-4198-804d-0afe3b97f873","resourceUri":"https://console.cloud.google.com/cloud-build/builds;region=us-central1/2216a191-489a-4198-804d-0afe3b97f873?project=440288178253"},{"name":"SERVICE","state":"NOT_STARTED"}],"operationType":"UPDATE_FUNCTION","buildName":"projects/440288178253/locations/us-central1/builds/2216a191-489a-4198-804d-0afe3b97f873"},"done":false}
[debug] [2024-10-13T00:38:58.490Z] [update-default-us-central1-app] Retrying task index 0
[debug] [2024-10-13T00:38:58.490Z] >>> [apiv2][query] GET https://cloudfunctions.googleapis.com/v2/projects/qualtircomapi/locations/us-central1/operations/operation-1728779936343-62450f20024b5-e9b91f7c-6727dba8 [none]
[debug] [2024-10-13T00:38:58.769Z] <<< [apiv2][status] GET https://cloudfunctions.googleapis.com/v2/projects/qualtircomapi/locations/us-central1/operations/operation-1728779936343-62450f20024b5-e9b91f7c-6727dba8 200
[debug] [2024-10-13T00:38:58.769Z] <<< [apiv2][body] GET https://cloudfunctions.googleapis.com/v2/projects/qualtircomapi/locations/us-central1/operations/operation-1728779936343-62450f20024b5-e9b91f7c-6727dba8 {"name":"projects/qualtircomapi/locations/us-central1/operations/operation-1728779936343-62450f20024b5-e9b91f7c-6727dba8","metadata":{"@type":"type.googleapis.com/google.cloud.functions.v2.OperationMetadata","createTime":"2024-10-13T00:38:57.038291407Z","target":"projects/qualtircomapi/locations/us-central1/functions/app","verb":"update","cancelRequested":false,"apiVersion":"v2","requestResource":{"@type":"type.googleapis.com/google.cloud.functions.v2.Function","name":"projects/qualtircomapi/locations/us-central1/functions/app","buildConfig":{"runtime":"nodejs18","entryPoint":"app","source":{"storageSource":{"bucket":"gcf-v2-sources-440288178253-us-central1","object":"app/function-source.zip","generation":"1728779936984776"}},"environmentVariables":{"GOOGLE_NODE_RUN_SCRIPTS":""},"dockerRepository":"projects/qualtircomapi/locations/us-central1/repositories/gcf-artifacts","sourceProvenance":{"resolvedStorageSource":{"bucket":"gcf-v2-sources-440288178253-us-central1","object":"app/function-source.zip","generation":"1728773242007941"}},"dockerRegistry":"ARTIFACT_REGISTRY","serviceAccount":"projects/qualtircomapi/serviceAccounts/440288178253-compute@developer.gserviceaccount.com","automaticUpdatePolicy":{}},"serviceConfig":{"service":"projects/qualtircomapi/locations/us-central1/services/app","timeoutSeconds":60,"environmentVariables":{"OPENAPI_KEY":"sk-svcacct-8cbgc2dwc89cjMBVP3mdVoov7_g5xdSpHkzGt0-roV7AkQQ9ixjZNY1LgZCFpT3BlbkFJ_z5uvcskKR9bP8OzQuZLHdrEkkQDesgpwPJ5VLNpswEqyQer720E_jzqk45AA","FIREBASE_CONFIG":"{\"projectId\":\"qualtircomapi\",\"storageBucket\":\"qualtircomapi.appspot.com\"}","GCLOUD_PROJECT":"qualtircomapi","EVENTARC_CLOUD_EVENT_SOURCE":"projects/qualtircomapi/locations/us-central1/services/app","FUNCTION_TARGET":"app","LOG_EXECUTION_ID":"true"},"ingressSettings":"ALLOW_ALL","uri":"https://app-o6cilvuuja-uc.a.run.app","serviceAccountEmail":"440288178253-compute@developer.gserviceaccount.com","availableMemory":"256Mi","allTrafficOnLatestRevision":true,"revision":"app-00003-cek","maxInstanceRequestConcurrency":80,"availableCpu":"1"},"state":"ACTIVE","labels":{"deployment-tool":"cli-firebase","firebase-functions-hash":"6cf73c28b4c73923a49a274b718a19bdbc3744c9"},"environment":"GEN_2","url":"https://us-central1-qualtircomapi.cloudfunctions.net/app"},"stages":[{"name":"BUILD","message":"Build in progress","state":"IN_PROGRESS","resource":"projects/440288178253/locations/us-central1/builds/2216a191-489a-4198-804d-0afe3b97f873","resourceUri":"https://console.cloud.google.com/cloud-build/builds;region=us-central1/2216a191-489a-4198-804d-0afe3b97f873?project=440288178253"},{"name":"SERVICE","state":"NOT_STARTED"}],"operationType":"UPDATE_FUNCTION","buildName":"projects/440288178253/locations/us-central1/builds/2216a191-489a-4198-804d-0afe3b97f873"},"done":false}
[debug] [2024-10-13T00:38:59.769Z] [update-default-us-central1-app] Retrying task index 0
[debug] [2024-10-13T00:38:59.770Z] >>> [apiv2][query] GET https://cloudfunctions.googleapis.com/v2/projects/qualtircomapi/locations/us-central1/operations/operation-1728779936343-62450f20024b5-e9b91f7c-6727dba8 [none]
[debug] [2024-10-13T00:39:00.575Z] <<< [apiv2][status] GET https://cloudfunctions.googleapis.com/v2/projects/qualtircomapi/locations/us-central1/operations/operation-1728779936343-62450f20024b5-e9b91f7c-6727dba8 200
[debug] [2024-10-13T00:39:00.575Z] <<< [apiv2][body] GET https://cloudfunctions.googleapis.com/v2/projects/qualtircomapi/locations/us-central1/operations/operation-1728779936343-62450f20024b5-e9b91f7c-6727dba8 {"name":"projects/qualtircomapi/locations/us-central1/operations/operation-1728779936343-62450f20024b5-e9b91f7c-6727dba8","metadata":{"@type":"type.googleapis.com/google.cloud.functions.v2.OperationMetadata","createTime":"2024-10-13T00:38:57.038291407Z","target":"projects/qualtircomapi/locations/us-central1/functions/app","verb":"update","cancelRequested":false,"apiVersion":"v2","requestResource":{"@type":"type.googleapis.com/google.cloud.functions.v2.Function","name":"projects/qualtircomapi/locations/us-central1/functions/app","buildConfig":{"runtime":"nodejs18","entryPoint":"app","source":{"storageSource":{"bucket":"gcf-v2-sources-440288178253-us-central1","object":"app/function-source.zip","generation":"1728779936984776"}},"environmentVariables":{"GOOGLE_NODE_RUN_SCRIPTS":""},"dockerRepository":"projects/qualtircomapi/locations/us-central1/repositories/gcf-artifacts","sourceProvenance":{"resolvedStorageSource":{"bucket":"gcf-v2-sources-440288178253-us-central1","object":"app/function-source.zip","generation":"1728773242007941"}},"dockerRegistry":"ARTIFACT_REGISTRY","serviceAccount":"projects/qualtircomapi/serviceAccounts/440288178253-compute@developer.gserviceaccount.com","automaticUpdatePolicy":{}},"serviceConfig":{"service":"projects/qualtircomapi/locations/us-central1/services/app","timeoutSeconds":60,"environmentVariables":{"OPENAPI_KEY":"sk-svcacct-8cbgc2dwc89cjMBVP3mdVoov7_g5xdSpHkzGt0-roV7AkQQ9ixjZNY1LgZCFpT3BlbkFJ_z5uvcskKR9bP8OzQuZLHdrEkkQDesgpwPJ5VLNpswEqyQer720E_jzqk45AA","FIREBASE_CONFIG":"{\"projectId\":\"qualtircomapi\",\"storageBucket\":\"qualtircomapi.appspot.com\"}","GCLOUD_PROJECT":"qualtircomapi","EVENTARC_CLOUD_EVENT_SOURCE":"projects/qualtircomapi/locations/us-central1/services/app","FUNCTION_TARGET":"app","LOG_EXECUTION_ID":"true"},"ingressSettings":"ALLOW_ALL","uri":"https://app-o6cilvuuja-uc.a.run.app","serviceAccountEmail":"440288178253-compute@developer.gserviceaccount.com","availableMemory":"256Mi","allTrafficOnLatestRevision":true,"revision":"app-00003-cek","maxInstanceRequestConcurrency":80,"availableCpu":"1"},"state":"ACTIVE","labels":{"deployment-tool":"cli-firebase","firebase-functions-hash":"6cf73c28b4c73923a49a274b718a19bdbc3744c9"},"environment":"GEN_2","url":"https://us-central1-qualtircomapi.cloudfunctions.net/app"},"stages":[{"name":"BUILD","message":"Build in progress","state":"IN_PROGRESS","resource":"projects/440288178253/locations/us-central1/builds/2216a191-489a-4198-804d-0afe3b97f873","resourceUri":"https://console.cloud.google.com/cloud-build/builds;region=us-central1/2216a191-489a-4198-804d-0afe3b97f873?project=440288178253"},{"name":"SERVICE","state":"NOT_STARTED"}],"operationType":"UPDATE_FUNCTION","buildName":"projects/440288178253/locations/us-central1/builds/2216a191-489a-4198-804d-0afe3b97f873"},"done":false}
[debug] [2024-10-13T00:39:02.578Z] [update-default-us-central1-app] Retrying task index 0
[debug] [2024-10-13T00:39:02.579Z] >>> [apiv2][query] GET https://cloudfunctions.googleapis.com/v2/projects/qualtircomapi/locations/us-central1/operations/operation-1728779936343-62450f20024b5-e9b91f7c-6727dba8 [none]
[debug] [2024-10-13T00:39:03.460Z] <<< [apiv2][status] GET https://cloudfunctions.googleapis.com/v2/projects/qualtircomapi/locations/us-central1/operations/operation-1728779936343-62450f20024b5-e9b91f7c-6727dba8 200
[debug] [2024-10-13T00:39:03.462Z] <<< [apiv2][body] GET https://cloudfunctions.googleapis.com/v2/projects/qualtircomapi/locations/us-central1/operations/operation-1728779936343-62450f20024b5-e9b91f7c-6727dba8 {"name":"projects/qualtircomapi/locations/us-central1/operations/operation-1728779936343-62450f20024b5-e9b91f7c-6727dba8","metadata":{"@type":"type.googleapis.com/google.cloud.functions.v2.OperationMetadata","createTime":"2024-10-13T00:38:57.038291407Z","target":"projects/qualtircomapi/locations/us-central1/functions/app","verb":"update","cancelRequested":false,"apiVersion":"v2","requestResource":{"@type":"type.googleapis.com/google.cloud.functions.v2.Function","name":"projects/qualtircomapi/locations/us-central1/functions/app","buildConfig":{"runtime":"nodejs18","entryPoint":"app","source":{"storageSource":{"bucket":"gcf-v2-sources-440288178253-us-central1","object":"app/function-source.zip","generation":"1728779936984776"}},"environmentVariables":{"GOOGLE_NODE_RUN_SCRIPTS":""},"dockerRepository":"projects/qualtircomapi/locations/us-central1/repositories/gcf-artifacts","sourceProvenance":{"resolvedStorageSource":{"bucket":"gcf-v2-sources-440288178253-us-central1","object":"app/function-source.zip","generation":"1728773242007941"}},"dockerRegistry":"ARTIFACT_REGISTRY","serviceAccount":"projects/qualtircomapi/serviceAccounts/440288178253-compute@developer.gserviceaccount.com","automaticUpdatePolicy":{}},"serviceConfig":{"service":"projects/qualtircomapi/locations/us-central1/services/app","timeoutSeconds":60,"environmentVariables":{"OPENAPI_KEY":"sk-svcacct-8cbgc2dwc89cjMBVP3mdVoov7_g5xdSpHkzGt0-roV7AkQQ9ixjZNY1LgZCFpT3BlbkFJ_z5uvcskKR9bP8OzQuZLHdrEkkQDesgpwPJ5VLNpswEqyQer720E_jzqk45AA","FIREBASE_CONFIG":"{\"projectId\":\"qualtircomapi\",\"storageBucket\":\"qualtircomapi.appspot.com\"}","GCLOUD_PROJECT":"qualtircomapi","EVENTARC_CLOUD_EVENT_SOURCE":"projects/qualtircomapi/locations/us-central1/services/app","FUNCTION_TARGET":"app","LOG_EXECUTION_ID":"true"},"ingressSettings":"ALLOW_ALL","uri":"https://app-o6cilvuuja-uc.a.run.app","serviceAccountEmail":"440288178253-compute@developer.gserviceaccount.com","availableMemory":"256Mi","allTrafficOnLatestRevision":true,"revision":"app-00003-cek","maxInstanceRequestConcurrency":80,"availableCpu":"1"},"state":"ACTIVE","labels":{"deployment-tool":"cli-firebase","firebase-functions-hash":"6cf73c28b4c73923a49a274b718a19bdbc3744c9"},"environment":"GEN_2","url":"https://us-central1-qualtircomapi.cloudfunctions.net/app"},"stages":[{"name":"BUILD","message":"Build in progress","state":"IN_PROGRESS","resource":"projects/440288178253/locations/us-central1/builds/2216a191-489a-4198-804d-0afe3b97f873","resourceUri":"https://console.cloud.google.com/cloud-build/builds;region=us-central1/2216a191-489a-4198-804d-0afe3b97f873?project=440288178253"},{"name":"SERVICE","state":"NOT_STARTED"}],"operationType":"UPDATE_FUNCTION","buildName":"projects/440288178253/locations/us-central1/builds/2216a191-489a-4198-804d-0afe3b97f873"},"done":false}
[debug] [2024-10-13T00:39:07.466Z] [update-default-us-central1-app] Retrying task index 0
[debug] [2024-10-13T00:39:07.467Z] >>> [apiv2][query] GET https://cloudfunctions.googleapis.com/v2/projects/qualtircomapi/locations/us-central1/operations/operation-1728779936343-62450f20024b5-e9b91f7c-6727dba8 [none]
[debug] [2024-10-13T00:39:08.325Z] <<< [apiv2][status] GET https://cloudfunctions.googleapis.com/v2/projects/qualtircomapi/locations/us-central1/operations/operation-1728779936343-62450f20024b5-e9b91f7c-6727dba8 200
[debug] [2024-10-13T00:39:08.325Z] <<< [apiv2][body] GET https://cloudfunctions.googleapis.com/v2/projects/qualtircomapi/locations/us-central1/operations/operation-1728779936343-62450f20024b5-e9b91f7c-6727dba8 {"name":"projects/qualtircomapi/locations/us-central1/operations/operation-1728779936343-62450f20024b5-e9b91f7c-6727dba8","metadata":{"@type":"type.googleapis.com/google.cloud.functions.v2.OperationMetadata","createTime":"2024-10-13T00:38:57.038291407Z","target":"projects/qualtircomapi/locations/us-central1/functions/app","verb":"update","cancelRequested":false,"apiVersion":"v2","requestResource":{"@type":"type.googleapis.com/google.cloud.functions.v2.Function","name":"projects/qualtircomapi/locations/us-central1/functions/app","buildConfig":{"runtime":"nodejs18","entryPoint":"app","source":{"storageSource":{"bucket":"gcf-v2-sources-440288178253-us-central1","object":"app/function-source.zip","generation":"1728779936984776"}},"environmentVariables":{"GOOGLE_NODE_RUN_SCRIPTS":""},"dockerRepository":"projects/qualtircomapi/locations/us-central1/repositories/gcf-artifacts","sourceProvenance":{"resolvedStorageSource":{"bucket":"gcf-v2-sources-440288178253-us-central1","object":"app/function-source.zip","generation":"1728773242007941"}},"dockerRegistry":"ARTIFACT_REGISTRY","serviceAccount":"projects/qualtircomapi/serviceAccounts/440288178253-compute@developer.gserviceaccount.com","automaticUpdatePolicy":{}},"serviceConfig":{"service":"projects/qualtircomapi/locations/us-central1/services/app","timeoutSeconds":60,"environmentVariables":{"OPENAPI_KEY":"sk-svcacct-8cbgc2dwc89cjMBVP3mdVoov7_g5xdSpHkzGt0-roV7AkQQ9ixjZNY1LgZCFpT3BlbkFJ_z5uvcskKR9bP8OzQuZLHdrEkkQDesgpwPJ5VLNpswEqyQer720E_jzqk45AA","FIREBASE_CONFIG":"{\"projectId\":\"qualtircomapi\",\"storageBucket\":\"qualtircomapi.appspot.com\"}","GCLOUD_PROJECT":"qualtircomapi","EVENTARC_CLOUD_EVENT_SOURCE":"projects/qualtircomapi/locations/us-central1/services/app","FUNCTION_TARGET":"app","LOG_EXECUTION_ID":"true"},"ingressSettings":"ALLOW_ALL","uri":"https://app-o6cilvuuja-uc.a.run.app","serviceAccountEmail":"440288178253-compute@developer.gserviceaccount.com","availableMemory":"256Mi","allTrafficOnLatestRevision":true,"revision":"app-00003-cek","maxInstanceRequestConcurrency":80,"availableCpu":"1"},"state":"ACTIVE","labels":{"deployment-tool":"cli-firebase","firebase-functions-hash":"6cf73c28b4c73923a49a274b718a19bdbc3744c9"},"environment":"GEN_2","url":"https://us-central1-qualtircomapi.cloudfunctions.net/app"},"stages":[{"name":"BUILD","message":"Build in progress","state":"IN_PROGRESS","resource":"projects/440288178253/locations/us-central1/builds/2216a191-489a-4198-804d-0afe3b97f873","resourceUri":"https://console.cloud.google.com/cloud-build/builds;region=us-central1/2216a191-489a-4198-804d-0afe3b97f873?project=440288178253"},{"name":"SERVICE","state":"NOT_STARTED"}],"operationType":"UPDATE_FUNCTION","buildName":"projects/440288178253/locations/us-central1/builds/2216a191-489a-4198-804d-0afe3b97f873"},"done":false}
[debug] [2024-10-13T00:39:16.332Z] [update-default-us-central1-app] Retrying task index 0
[debug] [2024-10-13T00:39:16.335Z] >>> [apiv2][query] GET https://cloudfunctions.googleapis.com/v2/projects/qualtircomapi/locations/us-central1/operations/operation-1728779936343-62450f20024b5-e9b91f7c-6727dba8 [none]
[debug] [2024-10-13T00:39:17.292Z] <<< [apiv2][status] GET https://cloudfunctions.googleapis.com/v2/projects/qualtircomapi/locations/us-central1/operations/operation-1728779936343-62450f20024b5-e9b91f7c-6727dba8 200
[debug] [2024-10-13T00:39:17.292Z] <<< [apiv2][body] GET https://cloudfunctions.googleapis.com/v2/projects/qualtircomapi/locations/us-central1/operations/operation-1728779936343-62450f20024b5-e9b91f7c-6727dba8 {"name":"projects/qualtircomapi/locations/us-central1/operations/operation-1728779936343-62450f20024b5-e9b91f7c-6727dba8","metadata":{"@type":"type.googleapis.com/google.cloud.functions.v2.OperationMetadata","createTime":"2024-10-13T00:38:57.038291407Z","target":"projects/qualtircomapi/locations/us-central1/functions/app","verb":"update","cancelRequested":false,"apiVersion":"v2","requestResource":{"@type":"type.googleapis.com/google.cloud.functions.v2.Function","name":"projects/qualtircomapi/locations/us-central1/functions/app","buildConfig":{"runtime":"nodejs18","entryPoint":"app","source":{"storageSource":{"bucket":"gcf-v2-sources-440288178253-us-central1","object":"app/function-source.zip","generation":"1728779936984776"}},"environmentVariables":{"GOOGLE_NODE_RUN_SCRIPTS":""},"dockerRepository":"projects/qualtircomapi/locations/us-central1/repositories/gcf-artifacts","sourceProvenance":{"resolvedStorageSource":{"bucket":"gcf-v2-sources-440288178253-us-central1","object":"app/function-source.zip","generation":"1728773242007941"}},"dockerRegistry":"ARTIFACT_REGISTRY","serviceAccount":"projects/qualtircomapi/serviceAccounts/440288178253-compute@developer.gserviceaccount.com","automaticUpdatePolicy":{}},"serviceConfig":{"service":"projects/qualtircomapi/locations/us-central1/services/app","timeoutSeconds":60,"environmentVariables":{"OPENAPI_KEY":"sk-svcacct-8cbgc2dwc89cjMBVP3mdVoov7_g5xdSpHkzGt0-roV7AkQQ9ixjZNY1LgZCFpT3BlbkFJ_z5uvcskKR9bP8OzQuZLHdrEkkQDesgpwPJ5VLNpswEqyQer720E_jzqk45AA","FIREBASE_CONFIG":"{\"projectId\":\"qualtircomapi\",\"storageBucket\":\"qualtircomapi.appspot.com\"}","GCLOUD_PROJECT":"qualtircomapi","EVENTARC_CLOUD_EVENT_SOURCE":"projects/qualtircomapi/locations/us-central1/services/app","FUNCTION_TARGET":"app","LOG_EXECUTION_ID":"true"},"ingressSettings":"ALLOW_ALL","uri":"https://app-o6cilvuuja-uc.a.run.app","serviceAccountEmail":"440288178253-compute@developer.gserviceaccount.com","availableMemory":"256Mi","allTrafficOnLatestRevision":true,"revision":"app-00003-cek","maxInstanceRequestConcurrency":80,"availableCpu":"1"},"state":"ACTIVE","labels":{"deployment-tool":"cli-firebase","firebase-functions-hash":"6cf73c28b4c73923a49a274b718a19bdbc3744c9"},"environment":"GEN_2","url":"https://us-central1-qualtircomapi.cloudfunctions.net/app"},"stages":[{"name":"BUILD","message":"Build in progress","state":"IN_PROGRESS","resource":"projects/440288178253/locations/us-central1/builds/2216a191-489a-4198-804d-0afe3b97f873","resourceUri":"https://console.cloud.google.com/cloud-build/builds;region=us-central1/2216a191-489a-4198-804d-0afe3b97f873?project=440288178253"},{"name":"SERVICE","state":"NOT_STARTED"}],"operationType":"UPDATE_FUNCTION","buildName":"projects/440288178253/locations/us-central1/builds/2216a191-489a-4198-804d-0afe3b97f873"},"done":false}
[debug] [2024-10-13T00:39:27.295Z] [update-default-us-central1-app] Retrying task index 0
[debug] [2024-10-13T00:39:27.296Z] >>> [apiv2][query] GET https://cloudfunctions.googleapis.com/v2/projects/qualtircomapi/locations/us-central1/operations/operation-1728779936343-62450f20024b5-e9b91f7c-6727dba8 [none]
[debug] [2024-10-13T00:39:28.264Z] <<< [apiv2][status] GET https://cloudfunctions.googleapis.com/v2/projects/qualtircomapi/locations/us-central1/operations/operation-1728779936343-62450f20024b5-e9b91f7c-6727dba8 200
[debug] [2024-10-13T00:39:28.265Z] <<< [apiv2][body] GET https://cloudfunctions.googleapis.com/v2/projects/qualtircomapi/locations/us-central1/operations/operation-1728779936343-62450f20024b5-e9b91f7c-6727dba8 {"name":"projects/qualtircomapi/locations/us-central1/operations/operation-1728779936343-62450f20024b5-e9b91f7c-6727dba8","metadata":{"@type":"type.googleapis.com/google.cloud.functions.v2.OperationMetadata","createTime":"2024-10-13T00:38:57.038291407Z","target":"projects/qualtircomapi/locations/us-central1/functions/app","verb":"update","cancelRequested":false,"apiVersion":"v2","requestResource":{"@type":"type.googleapis.com/google.cloud.functions.v2.Function","name":"projects/qualtircomapi/locations/us-central1/functions/app","buildConfig":{"runtime":"nodejs18","entryPoint":"app","source":{"storageSource":{"bucket":"gcf-v2-sources-440288178253-us-central1","object":"app/function-source.zip","generation":"1728779936984776"}},"environmentVariables":{"GOOGLE_NODE_RUN_SCRIPTS":""},"dockerRepository":"projects/qualtircomapi/locations/us-central1/repositories/gcf-artifacts","sourceProvenance":{"resolvedStorageSource":{"bucket":"gcf-v2-sources-440288178253-us-central1","object":"app/function-source.zip","generation":"1728773242007941"}},"dockerRegistry":"ARTIFACT_REGISTRY","serviceAccount":"projects/qualtircomapi/serviceAccounts/440288178253-compute@developer.gserviceaccount.com","automaticUpdatePolicy":{}},"serviceConfig":{"service":"projects/qualtircomapi/locations/us-central1/services/app","timeoutSeconds":60,"environmentVariables":{"OPENAPI_KEY":"sk-svcacct-8cbgc2dwc89cjMBVP3mdVoov7_g5xdSpHkzGt0-roV7AkQQ9ixjZNY1LgZCFpT3BlbkFJ_z5uvcskKR9bP8OzQuZLHdrEkkQDesgpwPJ5VLNpswEqyQer720E_jzqk45AA","FIREBASE_CONFIG":"{\"projectId\":\"qualtircomapi\",\"storageBucket\":\"qualtircomapi.appspot.com\"}","GCLOUD_PROJECT":"qualtircomapi","EVENTARC_CLOUD_EVENT_SOURCE":"projects/qualtircomapi/locations/us-central1/services/app","FUNCTION_TARGET":"app","LOG_EXECUTION_ID":"true"},"ingressSettings":"ALLOW_ALL","uri":"https://app-o6cilvuuja-uc.a.run.app","serviceAccountEmail":"440288178253-compute@developer.gserviceaccount.com","availableMemory":"256Mi","allTrafficOnLatestRevision":true,"revision":"app-00003-cek","maxInstanceRequestConcurrency":80,"availableCpu":"1"},"state":"ACTIVE","labels":{"deployment-tool":"cli-firebase","firebase-functions-hash":"6cf73c28b4c73923a49a274b718a19bdbc3744c9"},"environment":"GEN_2","url":"https://us-central1-qualtircomapi.cloudfunctions.net/app"},"stages":[{"name":"BUILD","message":"Build in progress","state":"IN_PROGRESS","resource":"projects/440288178253/locations/us-central1/builds/2216a191-489a-4198-804d-0afe3b97f873","resourceUri":"https://console.cloud.google.com/cloud-build/builds;region=us-central1/2216a191-489a-4198-804d-0afe3b97f873?project=440288178253"},{"name":"SERVICE","state":"NOT_STARTED"}],"operationType":"UPDATE_FUNCTION","buildName":"projects/440288178253/locations/us-central1/builds/2216a191-489a-4198-804d-0afe3b97f873"},"done":false}
